<?xml version="1.0" encoding="UTF-8"?>
<testsuite name="com.example.netflix.server.NetflixServerApplicationTests" tests="1" skipped="0" failures="0" errors="0" timestamp="2020-03-06T18:53:34" hostname="JUAN-FRANCO" time="0.754">
  <properties/>
  <testcase name="contextLoads()" classname="com.example.netflix.server.NetflixServerApplicationTests" time="0.754"/>
  <system-out><![CDATA[13:53:14.618 [Test worker] DEBUG org.springframework.test.context.BootstrapUtils - Instantiating CacheAwareContextLoaderDelegate from class [org.springframework.test.context.cache.DefaultCacheAwareContextLoaderDelegate]
13:53:14.648 [Test worker] DEBUG org.springframework.test.context.BootstrapUtils - Instantiating BootstrapContext using constructor [public org.springframework.test.context.support.DefaultBootstrapContext(java.lang.Class,org.springframework.test.context.CacheAwareContextLoaderDelegate)]
13:53:14.687 [Test worker] DEBUG org.springframework.test.context.BootstrapUtils - Instantiating TestContextBootstrapper for test class [com.example.netflix.server.NetflixServerApplicationTests] from class [org.springframework.boot.test.context.SpringBootTestContextBootstrapper]
13:53:14.726 [Test worker] INFO org.springframework.boot.test.context.SpringBootTestContextBootstrapper - Neither @ContextConfiguration nor @ContextHierarchy found for test class [com.example.netflix.server.NetflixServerApplicationTests], using SpringBootContextLoader
13:53:14.740 [Test worker] DEBUG org.springframework.test.context.support.AbstractContextLoader - Did not detect default resource location for test class [com.example.netflix.server.NetflixServerApplicationTests]: class path resource [com/example/netflix/server/NetflixServerApplicationTests-context.xml] does not exist
13:53:14.741 [Test worker] DEBUG org.springframework.test.context.support.AbstractContextLoader - Did not detect default resource location for test class [com.example.netflix.server.NetflixServerApplicationTests]: class path resource [com/example/netflix/server/NetflixServerApplicationTestsContext.groovy] does not exist
13:53:14.742 [Test worker] INFO org.springframework.test.context.support.AbstractContextLoader - Could not detect default resource locations for test class [com.example.netflix.server.NetflixServerApplicationTests]: no resource found for suffixes {-context.xml, Context.groovy}.
13:53:14.744 [Test worker] INFO org.springframework.test.context.support.AnnotationConfigContextLoaderUtils - Could not detect default configuration classes for test class [com.example.netflix.server.NetflixServerApplicationTests]: NetflixServerApplicationTests does not declare any static, non-private, non-final, nested classes annotated with @Configuration.
13:53:14.842 [Test worker] DEBUG org.springframework.test.context.support.ActiveProfilesUtils - Could not find an 'annotation declaring class' for annotation type [org.springframework.test.context.ActiveProfiles] and class [com.example.netflix.server.NetflixServerApplicationTests]
13:53:14.999 [Test worker] DEBUG org.springframework.context.annotation.ClassPathScanningCandidateComponentProvider - Identified candidate component class: file [C:\Users\juan.franco\Documents\GitHub\eureka-server\build\classes\java\main\com\example\netflix\server\NetflixServerApplication.class]
13:53:15.001 [Test worker] INFO org.springframework.boot.test.context.SpringBootTestContextBootstrapper - Found @SpringBootConfiguration com.example.netflix.server.NetflixServerApplication for test class com.example.netflix.server.NetflixServerApplicationTests
13:53:15.285 [Test worker] DEBUG org.springframework.boot.test.context.SpringBootTestContextBootstrapper - @TestExecutionListeners is not present for class [com.example.netflix.server.NetflixServerApplicationTests]: using defaults.
13:53:15.289 [Test worker] INFO org.springframework.boot.test.context.SpringBootTestContextBootstrapper - Loaded default TestExecutionListener class names from location [META-INF/spring.factories]: [org.springframework.boot.test.autoconfigure.restdocs.RestDocsTestExecutionListener, org.springframework.boot.test.autoconfigure.web.client.MockRestServiceServerResetTestExecutionListener, org.springframework.boot.test.autoconfigure.web.servlet.MockMvcPrintOnlyOnFailureTestExecutionListener, org.springframework.boot.test.autoconfigure.web.servlet.WebDriverTestExecutionListener, org.springframework.boot.test.mock.mockito.MockitoTestExecutionListener, org.springframework.boot.test.mock.mockito.ResetMocksTestExecutionListener, org.springframework.test.context.web.ServletTestExecutionListener, org.springframework.test.context.support.DirtiesContextBeforeModesTestExecutionListener, org.springframework.test.context.support.DependencyInjectionTestExecutionListener, org.springframework.test.context.support.DirtiesContextTestExecutionListener, org.springframework.test.context.transaction.TransactionalTestExecutionListener, org.springframework.test.context.jdbc.SqlScriptsTestExecutionListener, org.springframework.test.context.event.EventPublishingTestExecutionListener]
13:53:15.313 [Test worker] DEBUG org.springframework.boot.test.context.SpringBootTestContextBootstrapper - Skipping candidate TestExecutionListener [org.springframework.test.context.transaction.TransactionalTestExecutionListener] due to a missing dependency. Specify custom listener classes or make the default listener classes and their required dependencies available. Offending class: [org/springframework/transaction/interceptor/TransactionAttributeSource]
13:53:15.315 [Test worker] DEBUG org.springframework.boot.test.context.SpringBootTestContextBootstrapper - Skipping candidate TestExecutionListener [org.springframework.test.context.jdbc.SqlScriptsTestExecutionListener] due to a missing dependency. Specify custom listener classes or make the default listener classes and their required dependencies available. Offending class: [org/springframework/transaction/interceptor/TransactionAttribute]
13:53:15.317 [Test worker] INFO org.springframework.boot.test.context.SpringBootTestContextBootstrapper - Using TestExecutionListeners: [org.springframework.test.context.web.ServletTestExecutionListener@32628f1f, org.springframework.test.context.support.DirtiesContextBeforeModesTestExecutionListener@672bfbb9, org.springframework.boot.test.mock.mockito.MockitoTestExecutionListener@1de45920, org.springframework.boot.test.autoconfigure.SpringBootDependencyInjectionTestExecutionListener@5db33efc, org.springframework.test.context.support.DirtiesContextTestExecutionListener@7b0f5822, org.springframework.test.context.event.EventPublishingTestExecutionListener@434182c9, org.springframework.boot.test.autoconfigure.restdocs.RestDocsTestExecutionListener@7cd3fed8, org.springframework.boot.test.autoconfigure.web.client.MockRestServiceServerResetTestExecutionListener@38537b60, org.springframework.boot.test.autoconfigure.web.servlet.MockMvcPrintOnlyOnFailureTestExecutionListener@391cfa00, org.springframework.boot.test.autoconfigure.web.servlet.WebDriverTestExecutionListener@76047020, org.springframework.boot.test.mock.mockito.ResetMocksTestExecutionListener@15427506]
13:53:15.327 [Test worker] DEBUG org.springframework.test.context.support.AbstractDirtiesContextTestExecutionListener - Before test class: context [DefaultTestContext@5702c6c testClass = NetflixServerApplicationTests, testInstance = [null], testMethod = [null], testException = [null], mergedContextConfiguration = [WebMergedContextConfiguration@6f8071a5 testClass = NetflixServerApplicationTests, locations = '{}', classes = '{class com.example.netflix.server.NetflixServerApplication}', contextInitializerClasses = '[]', activeProfiles = '{}', propertySourceLocations = '{}', propertySourceProperties = '{org.springframework.boot.test.context.SpringBootTestContextBootstrapper=true}', contextCustomizers = set[org.springframework.boot.test.autoconfigure.properties.PropertyMappingContextCustomizer@0, org.springframework.boot.test.autoconfigure.web.servlet.WebDriverContextCustomizerFactory$Customizer@15864b03, org.springframework.boot.test.context.filter.ExcludeFilterContextCustomizer@1becde66, org.springframework.boot.test.json.DuplicateJsonObjectContextCustomizerFactory$DuplicateJsonObjectContextCustomizer@7f3c041c, org.springframework.boot.test.mock.mockito.MockitoContextCustomizer@0, org.springframework.boot.test.web.client.TestRestTemplateContextCustomizer@176e58e3], resourceBasePath = 'src/main/webapp', contextLoader = 'org.springframework.boot.test.context.SpringBootContextLoader', parent = [null]], attributes = map['org.springframework.test.context.web.ServletTestExecutionListener.activateListener' -> true]], class annotated with @DirtiesContext [false] with mode [null].
13:53:15.409 [Test worker] DEBUG org.springframework.test.context.support.TestPropertySourceUtils - Adding inlined properties to environment: {spring.jmx.enabled=false, org.springframework.boot.test.context.SpringBootTestContextBootstrapper=true, server.port=-1}

  .   ____          _            __ _ _
 /\\ / ___'_ __ _ _(_)_ __  __ _ \ \ \ \
( ( )\___ | '_ | '_| | '_ \/ _` | \ \ \ \
 \\/  ___)| |_)| | | | | || (_| |  ) ) ) )
  '  |____| .__|_| |_|_| |_\__, | / / / /
 =========|_|==============|___/=/_/_/_/
 :: Spring Boot ::        (v2.2.5.RELEASE)

2020-03-06 13:53:21.057  INFO 16176 --- [    Test worker] c.e.n.s.NetflixServerApplicationTests    : No active profile set, falling back to default profiles: default
2020-03-06 13:53:22.679  WARN 16176 --- [    Test worker] o.s.boot.actuate.endpoint.EndpointId     : Endpoint ID 'service-registry' contains invalid characters, please migrate to a valid format.
2020-03-06 13:53:22.966  INFO 16176 --- [    Test worker] o.s.cloud.context.scope.GenericScope     : BeanFactory id=8c99b337-177d-3e8e-859e-0c5ab3d5b8e6
2020-03-06 13:53:23.880  WARN 16176 --- [    Test worker] c.n.c.sources.URLConfigurationSource     : No URLs will be polled as dynamic configuration sources.
2020-03-06 13:53:23.881  INFO 16176 --- [    Test worker] c.n.c.sources.URLConfigurationSource     : To enable URLs as dynamic configuration sources, define System property archaius.configurationSource.additionalUrls or make config.properties available on classpath.
2020-03-06 13:53:23.891  WARN 16176 --- [    Test worker] c.n.c.sources.URLConfigurationSource     : No URLs will be polled as dynamic configuration sources.
2020-03-06 13:53:23.891  INFO 16176 --- [    Test worker] c.n.c.sources.URLConfigurationSource     : To enable URLs as dynamic configuration sources, define System property archaius.configurationSource.additionalUrls or make config.properties available on classpath.
2020-03-06 13:53:25.265  INFO 16176 --- [    Test worker] o.s.s.concurrent.ThreadPoolTaskExecutor  : Initializing ExecutorService 'applicationTaskExecutor'
2020-03-06 13:53:28.146  INFO 16176 --- [    Test worker] o.s.cloud.commons.util.InetUtils         : Cannot determine local hostname
2020-03-06 13:53:31.326  INFO 16176 --- [    Test worker] o.s.cloud.commons.util.InetUtils         : Cannot determine local hostname
2020-03-06 13:53:33.286  INFO 16176 --- [    Test worker] o.s.cloud.commons.util.InetUtils         : Cannot determine local hostname
2020-03-06 13:53:33.379  WARN 16176 --- [    Test worker] ockingLoadBalancerClientRibbonWarnLogger : You already have RibbonLoadBalancerClient on your classpath. It will be used by default. As Spring Cloud Ribbon is in maintenance mode. We recommend switching to BlockingLoadBalancerClient instead. In order to use it, set the value of `spring.cloud.loadbalancer.ribbon.enabled` to `false` or remove spring-cloud-starter-netflix-ribbon from your project.
2020-03-06 13:53:33.894  INFO 16176 --- [    Test worker] o.s.c.n.eureka.InstanceInfoFactory       : Setting initial instance status as: STARTING
2020-03-06 13:53:33.976  INFO 16176 --- [    Test worker] com.netflix.discovery.DiscoveryClient    : Initializing Eureka in region us-east-1
2020-03-06 13:53:33.978  INFO 16176 --- [    Test worker] com.netflix.discovery.DiscoveryClient    : Client configured to neither register nor query for data.
2020-03-06 13:53:34.007  INFO 16176 --- [    Test worker] com.netflix.discovery.DiscoveryClient    : Discovery Client initialized at timestamp 1583520814001 with initial instances count: 0
2020-03-06 13:53:34.124  INFO 16176 --- [    Test worker] c.n.eureka.DefaultEurekaServerContext    : Initializing ...
2020-03-06 13:53:34.129  WARN 16176 --- [    Test worker] c.n.eureka.cluster.PeerEurekaNodes       : The replica size seems to be empty. Check the route 53 DNS Registry
2020-03-06 13:53:34.237  INFO 16176 --- [    Test worker] c.n.e.registry.AbstractInstanceRegistry  : Finished initializing remote region registries. All known remote regions: []
2020-03-06 13:53:34.239  INFO 16176 --- [    Test worker] c.n.eureka.DefaultEurekaServerContext    : Initialized
2020-03-06 13:53:34.736  INFO 16176 --- [    Test worker] o.s.b.a.e.web.EndpointLinksResolver      : Exposing 2 endpoint(s) beneath base path '/actuator'
2020-03-06 13:53:34.858  INFO 16176 --- [      Thread-13] o.s.c.n.e.server.EurekaServerBootstrap   : Setting the eureka configuration..
2020-03-06 13:53:34.862  INFO 16176 --- [      Thread-13] o.s.c.n.e.server.EurekaServerBootstrap   : Eureka data center value eureka.datacenter is not set, defaulting to default
2020-03-06 13:53:34.863  INFO 16176 --- [      Thread-13] o.s.c.n.e.server.EurekaServerBootstrap   : Eureka environment value eureka.environment is not set, defaulting to test
2020-03-06 13:53:34.893  INFO 16176 --- [      Thread-13] o.s.c.n.e.server.EurekaServerBootstrap   : isAws returned false
2020-03-06 13:53:34.895  INFO 16176 --- [      Thread-13] o.s.c.n.e.server.EurekaServerBootstrap   : Initialized server context
2020-03-06 13:53:34.895  INFO 16176 --- [      Thread-13] c.n.e.r.PeerAwareInstanceRegistryImpl    : Got 1 instances from neighboring DS node
2020-03-06 13:53:34.895  INFO 16176 --- [      Thread-13] c.n.e.r.PeerAwareInstanceRegistryImpl    : Renew threshold is: 1
2020-03-06 13:53:34.896  INFO 16176 --- [      Thread-13] c.n.e.r.PeerAwareInstanceRegistryImpl    : Changing status to UP
2020-03-06 13:53:34.930  INFO 16176 --- [    Test worker] c.e.n.s.NetflixServerApplicationTests    : Started NetflixServerApplicationTests in 19.498 seconds (JVM running for 22.693)
2020-03-06 13:53:34.965  INFO 16176 --- [      Thread-13] e.s.EurekaServerInitializerConfiguration : Started Eureka Server
]]></system-out>
  <system-err><![CDATA[]]></system-err>
</testsuite>
